5f7c start_logger              160 ---- 2023/06/19 22:38:17.474 -------------------------------------------------
5f7c start_logger              166 Host process is 'cmd.exe' (pid 24444)
5f7c start_logger              170 DLL path is 'C:\Users\les04\Desktop\DAULE_Capston\cmder\vendor\clink'
5f7c start_logger              185 Windows version 10.0.22000 (x64)
5f7c start_logger              188 Clink version 1.4.4.7fe1ca (x64)
5f7c hook_setter::hook_setter  159 >>> Started hook transaction.
5f7c hook_setter::attach_iat   316 Attempting to hook SetEnvironmentVariableW in IAT for module 00007FF67E450000.
5f7c pe_info::iterate_imports  159 Found import in 'api-ms-win-core-processenvironment-l1-1-0.dll'
5f7c find_iat                  124 Found import at 00007FF67E4888D0 (value is 00007FFAE56F06E0).
5f7c hook_setter::attach_iat   316 Attempting to hook WriteConsoleW in IAT for module 00007FF67E450000.
5f7c pe_info::iterate_imports  159 Found import in 'api-ms-win-core-console-l1-1-0.dll'
5f7c find_iat                  124 Found import at 00007FF67E488550 (value is 00007FFAE56B4A40).
5f7c hook_setter::attach_iat   316 Attempting to hook GetEnvironmentVariableW in IAT for module 00007FF67E450000.
5f7c pe_info::iterate_imports  159 Found import in 'api-ms-win-core-processenvironment-l1-1-0.dll'
5f7c find_iat                  124 Found import at 00007FF67E4888C0 (value is 00007FFAE56C3130).
5f7c hook_setter::commit       207 <<< Hook transaction committed.
5f7c hook_setter::hook_setter  159 >>> Started hook transaction.
5f7c hook_setter::detach_iat   359 Attempting to unhook 00007FFAB3629710 from GetEnvironmentVariableW in IAT for module 00007FF67E450000.
5f7c pe_info::iterate_imports  159 Found import in 'api-ms-win-core-processenvironment-l1-1-0.dll'
5f7c find_iat                  124 Found import at 00007FF67E4888C0 (value is 00007FFAB3629710).
5f7c hook_setter::commit       207 <<< Hook transaction committed.
5f7c hook_setter::hook_setter  159 >>> Started hook transaction.
5f7c hook_setter::attach_iat   316 Attempting to hook ReadConsoleW in IAT for module 00007FF67E450000.
5f7c pe_info::iterate_imports  159 Found import in 'api-ms-win-core-console-l1-1-0.dll'
5f7c find_iat                  124 Found import at 00007FF67E488558 (value is 00007FFAE5734240).
5f7c hook_setter::commit       207 <<< Hook transaction committed.
5f7c hook_setter::hook_setter  159 >>> Started hook transaction.
5f7c hook_setter::attach_iat   316 Attempting to hook SetConsoleTitleW in IAT for module 00007FF67E450000.
5f7c pe_info::iterate_imports  159 Found import in 'api-ms-win-core-console-l2-2-0.dll'
5f7c find_iat                  124 Found import at 00007FF67E4885B8 (value is 00007FFAE5704B10).
5f7c hook_setter::commit       207 <<< Hook transaction committed.
5f7c win_screen_buffer::begin  228 Using native terminal support; found 'ConEmuHk64.dll'.
5f7c reset_handle              144 resetting mismatched stdout handle
5f7c reset_handle              144 resetting mismatched stderr handle
5f7c host_lua::load_scripts    158 Loaded 2 Lua scripts in 429 ms
5f7c =?                          0 Clink updater: too soon to check for updates (1686895269 vs 1687181935).
5f7c reset_handle              144 resetting mismatched stdout handle
5f7c history_db::initialise   1264 master bank ctag: |CTAG_1682083791_79814671_12384_0
5f7c history_db::compact      1526 History:  93 active, 556 deleted
5f7c reset_handle              144 resetting mismatched stdout handle
5f7c history_db::compact      1526 History:  93 active, 557 deleted
5f7c reset_handle              144 resetting mismatched stdout handle
5f7c history_db::compact      1526 History:  93 active, 558 deleted
